# JRE version: OpenJDK Runtime Environment Temurin-21.0.9+10 (21.0.9+10) (build 21.0.9+10-LTS)
# Java VM: OpenJDK 64-Bit Server VM Temurin-21.0.9+10 (21.0.9+10-LTS, mixed mode, sharing, tiered, compressed oops, compressed class ptrs, parallel gc, linux-amd64)
GC Precious Log:
 CardTable entry size: 512
 CPUs: 12 total, 12 available
 Memory: 23948M
 Large Page Support: Disabled
 NUMA Support: Disabled
 Compressed Oops: Enabled (32-bit)
 Alignments: Space 512K, Generation 512K, Heap 2M
 Heap Min Capacity: 100M
 Heap Initial Capacity: 100M
 Heap Max Capacity: 2G
 Pre-touch: Disabled
 Parallel Workers: 10
Heap:
 PSYoungGen      total 15872K, used 2951K [0x00000000d5580000, 0x00000000d6900000, 0x0000000100000000)
  eden space 13312K, 3% used [0x00000000d5580000,0x00000000d55e4060,0x00000000d6280000)
  from space 2560K, 99% used [0x00000000d6680000,0x00000000d68fdc28,0x00000000d6900000)
  to   space 3072K, 0% used [0x00000000d6300000,0x00000000d6300000,0x00000000d6600000)
 ParOldGen       total 81920K, used 81421K [0x0000000080000000, 0x0000000085000000, 0x00000000d5580000)
  object space 81920K, 99% used [0x0000000080000000,0x0000000084f834f8,0x0000000085000000)
 Metaspace       used 73267K, committed 74816K, reserved 1114112K
  class space    used 9132K, committed 9792K, reserved 1048576K
GC Heap History (20 events):
Event: 34.361 GC heap after
{Heap after GC invocations=93 (full 3):
 PSYoungGen      total 14848K, used 1513K [0x00000000d5580000, 0x00000000d6a00000, 0x0000000100000000)
  eden space 13312K, 0% used [0x00000000d5580000,0x00000000d5580000,0x00000000d6280000)
  from space 1536K, 98% used [0x00000000d6600000,0x00000000d677a528,0x00000000d6780000)
  to   space 3584K, 0% used [0x00000000d6280000,0x00000000d6280000,0x00000000d6600000)
 ParOldGen       total 68608K, used 60534K [0x0000000080000000, 0x0000000084300000, 0x00000000d5580000)
  object space 68608K, 88% used [0x0000000080000000,0x0000000083b1d808,0x0000000084300000)
 Metaspace       used 72353K, committed 73920K, reserved 1114112K
  class space    used 9029K, committed 9728K, reserved 1048576K
}
Event: 34.387 GC heap before
{Heap before GC invocations=94 (full 3):
 PSYoungGen      total 14848K, used 14825K [0x00000000d5580000, 0x00000000d6a00000, 0x0000000100000000)
  eden space 13312K, 100% used [0x00000000d5580000,0x00000000d6280000,0x00000000d6280000)
  from space 1536K, 98% used [0x00000000d6600000,0x00000000d677a528,0x00000000d6780000)
  to   space 3584K, 0% used [0x00000000d6280000,0x00000000d6280000,0x00000000d6600000)
 ParOldGen       total 68608K, used 60534K [0x0000000080000000, 0x0000000084300000, 0x00000000d5580000)
  object space 68608K, 88% used [0x0000000080000000,0x0000000083b1d808,0x0000000084300000)
 Metaspace       used 72568K, committed 74112K, reserved 1114112K
  class space    used 9051K, committed 9728K, reserved 1048576K
}
Event: 34.392 GC heap after
{Heap after GC invocations=94 (full 3):
 PSYoungGen      total 16896K, used 3231K [0x00000000d5580000, 0x00000000d6980000, 0x0000000100000000)
  eden space 13312K, 0% used [0x00000000d5580000,0x00000000d5580000,0x00000000d6280000)
  from space 3584K, 90% used [0x00000000d6280000,0x00000000d65a7f10,0x00000000d6600000)
  to   space 3584K, 0% used [0x00000000d6600000,0x00000000d6600000,0x00000000d6980000)
 ParOldGen       total 68608K, used 61996K [0x0000000080000000, 0x0000000084300000, 0x00000000d5580000)
  object space 68608K, 90% used [0x0000000080000000,0x0000000083c8b2d8,0x0000000084300000)
 Metaspace       used 72568K, committed 74112K, reserved 1114112K
  class space    used 9051K, committed 9728K, reserved 1048576K
}
Event: 34.433 GC heap before
{Heap before GC invocations=95 (full 3):
 PSYoungGen      total 16896K, used 16543K [0x00000000d5580000, 0x00000000d6980000, 0x0000000100000000)
  eden space 13312K, 100% used [0x00000000d5580000,0x00000000d6280000,0x00000000d6280000)
  from space 3584K, 90% used [0x00000000d6280000,0x00000000d65a7f10,0x00000000d6600000)
  to   space 3584K, 0% used [0x00000000d6600000,0x00000000d6600000,0x00000000d6980000)
 ParOldGen       total 68608K, used 61996K [0x0000000080000000, 0x0000000084300000, 0x00000000d5580000)
  object space 68608K, 90% used [0x0000000080000000,0x0000000083c8b2d8,0x0000000084300000)
 Metaspace       used 72855K, committed 74432K, reserved 1114112K
  class space    used 9085K, committed 9792K, reserved 1048576K
}
Event: 34.449 GC heap after
{Heap after GC invocations=95 (full 3):
 PSYoungGen      total 15872K, used 2363K [0x00000000d5580000, 0x00000000d6880000, 0x0000000100000000)
  eden space 13312K, 0% used [0x00000000d5580000,0x00000000d5580000,0x00000000d6280000)
  from space 2560K, 92% used [0x00000000d6600000,0x00000000d684ee68,0x00000000d6880000)
  to   space 3072K, 0% used [0x00000000d6280000,0x00000000d6280000,0x00000000d6580000)
 ParOldGen       total 68608K, used 64983K [0x0000000080000000, 0x0000000084300000, 0x00000000d5580000)
  object space 68608K, 94% used [0x0000000080000000,0x0000000083f75c68,0x0000000084300000)
 Metaspace       used 72855K, committed 74432K, reserved 1114112K
  class space    used 9085K, committed 9792K, reserved 1048576K
}
Event: 34.518 GC heap before
{Heap before GC invocations=96 (full 3):
 PSYoungGen      total 15872K, used 15675K [0x00000000d5580000, 0x00000000d6880000, 0x0000000100000000)
  eden space 13312K, 100% used [0x00000000d5580000,0x00000000d6280000,0x00000000d6280000)
  from space 2560K, 92% used [0x00000000d6600000,0x00000000d684ee68,0x00000000d6880000)
  to   space 3072K, 0% used [0x00000000d6280000,0x00000000d6280000,0x00000000d6580000)
 ParOldGen       total 68608K, used 64983K [0x0000000080000000, 0x0000000084300000, 0x00000000d5580000)
  object space 68608K, 94% used [0x0000000080000000,0x0000000083f75c68,0x0000000084300000)
 Metaspace       used 73046K, committed 74624K, reserved 1114112K
  class space    used 9111K, committed 9792K, reserved 1048576K
}
Event: 34.529 GC heap after
{Heap after GC invocations=96 (full 3):
 PSYoungGen      total 16384K, used 3071K [0x00000000d5580000, 0x00000000d6e80000, 0x0000000100000000)
  eden space 13312K, 0% used [0x00000000d5580000,0x00000000d5580000,0x00000000d6280000)
  from space 3072K, 99% used [0x00000000d6280000,0x00000000d657fde8,0x00000000d6580000)
  to   space 6144K, 0% used [0x00000000d6880000,0x00000000d6880000,0x00000000d6e80000)
 ParOldGen       total 68608K, used 67278K [0x0000000080000000, 0x0000000084300000, 0x00000000d5580000)
  object space 68608K, 98% used [0x0000000080000000,0x00000000841b3a10,0x0000000084300000)
 Metaspace       used 73046K, committed 74624K, reserved 1114112K
  class space    used 9111K, committed 9792K, reserved 1048576K
}
Event: 34.565 GC heap before
{Heap before GC invocations=97 (full 3):
 PSYoungGen      total 16384K, used 16383K [0x00000000d5580000, 0x00000000d6e80000, 0x0000000100000000)
  eden space 13312K, 100% used [0x00000000d5580000,0x00000000d6280000,0x00000000d6280000)
  from space 3072K, 99% used [0x00000000d6280000,0x00000000d657fde8,0x00000000d6580000)
  to   space 6144K, 0% used [0x00000000d6880000,0x00000000d6880000,0x00000000d6e80000)
 ParOldGen       total 68608K, used 67278K [0x0000000080000000, 0x0000000084300000, 0x00000000d5580000)
  object space 68608K, 98% used [0x0000000080000000,0x00000000841b3a10,0x0000000084300000)
 Metaspace       used 73047K, committed 74624K, reserved 1114112K
  class space    used 9111K, committed 9792K, reserved 1048576K
}
Event: 34.575 GC heap after
{Heap after GC invocations=97 (full 3):
 PSYoungGen      total 18432K, used 4920K [0x00000000d5580000, 0x00000000d6d80000, 0x0000000100000000)
  eden space 13312K, 0% used [0x00000000d5580000,0x00000000d5580000,0x00000000d6280000)
  from space 5120K, 96% used [0x00000000d6880000,0x00000000d6d4e288,0x00000000d6d80000)
  to   space 5120K, 0% used [0x00000000d6380000,0x00000000d6380000,0x00000000d6880000)
 ParOldGen       total 69632K, used 69129K [0x0000000080000000, 0x0000000084400000, 0x00000000d5580000)
  object space 69632K, 99% used [0x0000000080000000,0x0000000084382748,0x0000000084400000)
 Metaspace       used 73047K, committed 74624K, reserved 1114112K
  class space    used 9111K, committed 9792K, reserved 1048576K
}
Event: 34.624 GC heap before
{Heap before GC invocations=98 (full 3):
 PSYoungGen      total 18432K, used 18232K [0x00000000d5580000, 0x00000000d6d80000, 0x0000000100000000)
  eden space 13312K, 100% used [0x00000000d5580000,0x00000000d6280000,0x00000000d6280000)
  from space 5120K, 96% used [0x00000000d6880000,0x00000000d6d4e288,0x00000000d6d80000)
  to   space 5120K, 0% used [0x00000000d6380000,0x00000000d6380000,0x00000000d6880000)
 ParOldGen       total 69632K, used 69129K [0x0000000080000000, 0x0000000084400000, 0x00000000d5580000)
  object space 69632K, 99% used [0x0000000080000000,0x0000000084382748,0x0000000084400000)
 Metaspace       used 73059K, committed 74624K, reserved 1114112K
  class space    used 9111K, committed 9792K, reserved 1048576K
}
Event: 34.630 GC heap after
{Heap after GC invocations=98 (full 3):
 PSYoungGen      total 16896K, used 3078K [0x00000000d5580000, 0x00000000d6a80000, 0x0000000100000000)
  eden space 13312K, 0% used [0x00000000d5580000,0x00000000d5580000,0x00000000d6280000)
  from space 3584K, 85% used [0x00000000d6380000,0x00000000d6681a60,0x00000000d6700000)
  to   space 3584K, 0% used [0x00000000d6700000,0x00000000d6700000,0x00000000d6a80000)
 ParOldGen       total 71168K, used 70842K [0x0000000080000000, 0x0000000084580000, 0x00000000d5580000)
  object space 71168K, 99% used [0x0000000080000000,0x000000008452ea18,0x0000000084580000)
 Metaspace       used 73059K, committed 74624K, reserved 1114112K
  class space    used 9111K, committed 9792K, reserved 1048576K
}
Event: 34.662 GC heap before
{Heap before GC invocations=99 (full 3):
 PSYoungGen      total 16896K, used 16381K [0x00000000d5580000, 0x00000000d6a80000, 0x0000000100000000)
  eden space 13312K, 99% used [0x00000000d5580000,0x00000000d627dcb0,0x00000000d6280000)
  from space 3584K, 85% used [0x00000000d6380000,0x00000000d6681a60,0x00000000d6700000)
  to   space 3584K, 0% used [0x00000000d6700000,0x00000000d6700000,0x00000000d6a80000)
 ParOldGen       total 71168K, used 70842K [0x0000000080000000, 0x0000000084580000, 0x00000000d5580000)
  object space 71168K, 99% used [0x0000000080000000,0x000000008452ea18,0x0000000084580000)
 Metaspace       used 73061K, committed 74624K, reserved 1114112K
  class space    used 9111K, committed 9792K, reserved 1048576K
}
Event: 34.667 GC heap after
{Heap after GC invocations=99 (full 3):
 PSYoungGen      total 16384K, used 2743K [0x00000000d5580000, 0x00000000d6a00000, 0x0000000100000000)
  eden space 13312K, 0% used [0x00000000d5580000,0x00000000d5580000,0x00000000d6280000)
  from space 3072K, 89% used [0x00000000d6700000,0x00000000d69add18,0x00000000d6a00000)
  to   space 3072K, 0% used [0x00000000d6400000,0x00000000d6400000,0x00000000d6700000)
 ParOldGen       total 73728K, used 73695K [0x0000000080000000, 0x0000000084800000, 0x00000000d5580000)
  object space 73728K, 99% used [0x0000000080000000,0x00000000847f7fa0,0x0000000084800000)
 Metaspace       used 73061K, committed 74624K, reserved 1114112K
  class space    used 9111K, committed 9792K, reserved 1048576K
}
Event: 34.690 GC heap before
{Heap before GC invocations=100 (full 3):
 PSYoungGen      total 16384K, used 16055K [0x00000000d5580000, 0x00000000d6a00000, 0x0000000100000000)
  eden space 13312K, 100% used [0x00000000d5580000,0x00000000d6280000,0x00000000d6280000)
  from space 3072K, 89% used [0x00000000d6700000,0x00000000d69add18,0x00000000d6a00000)
  to   space 3072K, 0% used [0x00000000d6400000,0x00000000d6400000,0x00000000d6700000)
 ParOldGen       total 73728K, used 73695K [0x0000000080000000, 0x0000000084800000, 0x00000000d5580000)
  object space 73728K, 99% used [0x0000000080000000,0x00000000847f7fa0,0x0000000084800000)
 Metaspace       used 73071K, committed 74624K, reserved 1114112K
  class space    used 9111K, committed 9792K, reserved 1048576K
}
Event: 34.696 GC heap after
{Heap after GC invocations=100 (full 3):
 PSYoungGen      total 15360K, used 1817K [0x00000000d5580000, 0x00000000d6780000, 0x0000000100000000)
  eden space 13312K, 0% used [0x00000000d5580000,0x00000000d5580000,0x00000000d6280000)
  from space 2048K, 88% used [0x00000000d6400000,0x00000000d65c67c0,0x00000000d6600000)
  to   space 1536K, 0% used [0x00000000d6600000,0x00000000d6600000,0x00000000d6780000)
 ParOldGen       total 76800K, used 76310K [0x0000000080000000, 0x0000000084b00000, 0x00000000d5580000)
  object space 76800K, 99% used [0x0000000080000000,0x0000000084a85848,0x0000000084b00000)
 Metaspace       used 73071K, committed 74624K, reserved 1114112K
  class space    used 9111K, committed 9792K, reserved 1048576K
}
Event: 34.712 GC heap before
{Heap before GC invocations=101 (full 3):
 PSYoungGen      total 15360K, used 15127K [0x00000000d5580000, 0x00000000d6780000, 0x0000000100000000)
  eden space 13312K, 99% used [0x00000000d5580000,0x00000000d627f7f8,0x00000000d6280000)
  from space 2048K, 88% used [0x00000000d6400000,0x00000000d65c67c0,0x00000000d6600000)
  to   space 1536K, 0% used [0x00000000d6600000,0x00000000d6600000,0x00000000d6780000)
 ParOldGen       total 76800K, used 76310K [0x0000000080000000, 0x0000000084b00000, 0x00000000d5580000)
  object space 76800K, 99% used [0x0000000080000000,0x0000000084a85848,0x0000000084b00000)
 Metaspace       used 73112K, committed 74688K, reserved 1114112K
  class space    used 9117K, committed 9792K, reserved 1048576K
}
Event: 34.715 GC heap after
{Heap after GC invocations=101 (full 3):
 PSYoungGen      total 14848K, used 1310K [0x00000000d5580000, 0x00000000d6780000, 0x0000000100000000)
  eden space 13312K, 0% used [0x00000000d5580000,0x00000000d5580000,0x00000000d6280000)
  from space 1536K, 85% used [0x00000000d6600000,0x00000000d67479e8,0x00000000d6780000)
  to   space 2048K, 0% used [0x00000000d6380000,0x00000000d6380000,0x00000000d6580000)
 ParOldGen       total 78336K, used 77967K [0x0000000080000000, 0x0000000084c80000, 0x00000000d5580000)
  object space 78336K, 99% used [0x0000000080000000,0x0000000084c23db8,0x0000000084c80000)
 Metaspace       used 73112K, committed 74688K, reserved 1114112K
  class space    used 9117K, committed 9792K, reserved 1048576K
}
Event: 34.743 GC heap before
{Heap before GC invocations=102 (full 3):
 PSYoungGen      total 14848K, used 14622K [0x00000000d5580000, 0x00000000d6780000, 0x0000000100000000)
  eden space 13312K, 100% used [0x00000000d5580000,0x00000000d6280000,0x00000000d6280000)
  from space 1536K, 85% used [0x00000000d6600000,0x00000000d67479e8,0x00000000d6780000)
  to   space 2048K, 0% used [0x00000000d6380000,0x00000000d6380000,0x00000000d6580000)
 ParOldGen       total 78336K, used 77967K [0x0000000080000000, 0x0000000084c80000, 0x00000000d5580000)
  object space 78336K, 99% used [0x0000000080000000,0x0000000084c23db8,0x0000000084c80000)
 Metaspace       used 73215K, committed 74752K, reserved 1114112K
  class space    used 9129K, committed 9792K, reserved 1048576K
}
Event: 34.747 GC heap after
{Heap after GC invocations=102 (full 3):
 PSYoungGen      total 15360K, used 2025K [0x00000000d5580000, 0x00000000d6a80000, 0x0000000100000000)
  eden space 13312K, 0% used [0x00000000d5580000,0x00000000d5580000,0x00000000d6280000)
  from space 2048K, 98% used [0x00000000d6380000,0x00000000d657a588,0x00000000d6580000)
  to   space 4096K, 0% used [0x00000000d6680000,0x00000000d6680000,0x00000000d6a80000)
 ParOldGen       total 79872K, used 79405K [0x0000000080000000, 0x0000000084e00000, 0x00000000d5580000)
  object space 79872K, 99% used [0x0000000080000000,0x0000000084d8b400,0x0000000084e00000)
 Metaspace       used 73215K, committed 74752K, reserved 1114112K
  class space    used 9129K, committed 9792K, reserved 1048576K
}
Event: 34.775 GC heap before
{Heap before GC invocations=103 (full 3):
 PSYoungGen      total 15360K, used 15336K [0x00000000d5580000, 0x00000000d6a80000, 0x0000000100000000)
  eden space 13312K, 99% used [0x00000000d5580000,0x00000000d627fcc8,0x00000000d6280000)
  from space 2048K, 98% used [0x00000000d6380000,0x00000000d657a588,0x00000000d6580000)
  to   space 4096K, 0% used [0x00000000d6680000,0x00000000d6680000,0x00000000d6a80000)
 ParOldGen       total 79872K, used 79405K [0x0000000080000000, 0x0000000084e00000, 0x00000000d5580000)
  object space 79872K, 99% used [0x0000000080000000,0x0000000084d8b400,0x0000000084e00000)
 Metaspace       used 73267K, committed 74816K, reserved 1114112K
  class space    used 9132K, committed 9792K, reserved 1048576K
}

